C:\Program Files\Microsoft Visual Studio\2022\Preview\MSBuild\Microsoft\VC\v170\Microsoft.CppBuild.targets(496,5): warning MSB8004: Output Directory does not end with a trailing slash.  This build instance will add the slash as it is required to allow proper evaluation of the Output Directory.
  Compiling pointeroverride.asm
  Microsoft (R) Macro Assembler Version 14.31.30919.0
  Copyright (C) Microsoft Corporation.  All rights reserved.
  
   Assembling: D:\theKlaxon\emulsion-sdk\src\public\tier0\pointeroverride.asm
  Running VPC CRC Check - vphysics_wrapper_inc.vpc
  memoverride.cpp
  2011_patch.cpp
  vphysics_wrapper.cpp
D:\theKlaxon\emulsion-sdk\src\public\tier0\dbg.h(364,25): message : see previous definition of '_AssertValidStringPtr' (compiling source file 2011_patch.cpp)
  LINK : ..\..\..\..\source2011\game\bin\\vphysics.dll not found or not built by the last incremental link; performing full link
     Creating library ..\..\..\..\source2011\game\bin\vphysics.lib and object ..\..\..\..\source2011\game\bin\vphysics.exp
LINK : warning LNK4217: symbol '__AssertValidStringPtr' defined in '2011_patch.obj' is imported by 'tier1.lib(strtools.obj)' in function '"int __cdecl _V_strlen(char const *)" (?_V_strlen@@YAHPBD@Z)'
  vphysics_wrapper_external.vcxproj -> D:\theKlaxon\source2011\game\bin\vphysics.dll
  Publishing to ..\..\..\game\bin\.
          1 file(s) copied.
  The system cannot find the file specified.
  *** ERROR! PostBuildStep FAILED for vphysics_wrapper! EXE or DLL is probably running. ***
C:\Program Files\Microsoft Visual Studio\2022\Preview\MSBuild\Microsoft\VC\v170\Microsoft.CppCommon.targets(156,5): error MSB3073: The command "if not exist "..\..\..\game\bin\." mkdir "..\..\..\game\bin\."
C:\Program Files\Microsoft Visual Studio\2022\Preview\MSBuild\Microsoft\VC\v170\Microsoft.CppCommon.targets(156,5): error MSB3073: copy "D:\theKlaxon\source2011\game\bin\vphysics.dll" "..\..\..\game\bin\.\vphysics.dll"
C:\Program Files\Microsoft Visual Studio\2022\Preview\MSBuild\Microsoft\VC\v170\Microsoft.CppCommon.targets(156,5): error MSB3073: if ERRORLEVEL 1 goto BuildEventFailed
C:\Program Files\Microsoft Visual Studio\2022\Preview\MSBuild\Microsoft\VC\v170\Microsoft.CppCommon.targets(156,5): error MSB3073: if exist "D:\theKlaxon\source2011\game\bin\vphysics.map" copy "D:\theKlaxon\source2011\game\bin\vphysics.map" ..\..\..\game\bin\.\vphysics.map
C:\Program Files\Microsoft Visual Studio\2022\Preview\MSBuild\Microsoft\VC\v170\Microsoft.CppCommon.targets(156,5): error MSB3073: copy "D:\theKlaxon\source2011\game\bin\vphysics.pdb" ..\..\..\game\bin\.\vphysics.pdb
C:\Program Files\Microsoft Visual Studio\2022\Preview\MSBuild\Microsoft\VC\v170\Microsoft.CppCommon.targets(156,5): error MSB3073: if ERRORLEVEL 1 goto BuildEventFailed
C:\Program Files\Microsoft Visual Studio\2022\Preview\MSBuild\Microsoft\VC\v170\Microsoft.CppCommon.targets(156,5): error MSB3073: goto BuildEventOK
C:\Program Files\Microsoft Visual Studio\2022\Preview\MSBuild\Microsoft\VC\v170\Microsoft.CppCommon.targets(156,5): error MSB3073: :BuildEventFailed
C:\Program Files\Microsoft Visual Studio\2022\Preview\MSBuild\Microsoft\VC\v170\Microsoft.CppCommon.targets(156,5): error MSB3073: echo *** ERROR! PostBuildStep FAILED for vphysics_wrapper! EXE or DLL is probably running. ***
C:\Program Files\Microsoft Visual Studio\2022\Preview\MSBuild\Microsoft\VC\v170\Microsoft.CppCommon.targets(156,5): error MSB3073: del /q "D:\theKlaxon\source2011\game\bin\vphysics.dll"
C:\Program Files\Microsoft Visual Studio\2022\Preview\MSBuild\Microsoft\VC\v170\Microsoft.CppCommon.targets(156,5): error MSB3073: exit 1
C:\Program Files\Microsoft Visual Studio\2022\Preview\MSBuild\Microsoft\VC\v170\Microsoft.CppCommon.targets(156,5): error MSB3073: :BuildEventOK
C:\Program Files\Microsoft Visual Studio\2022\Preview\MSBuild\Microsoft\VC\v170\Microsoft.CppCommon.targets(156,5): error MSB3073: 
C:\Program Files\Microsoft Visual Studio\2022\Preview\MSBuild\Microsoft\VC\v170\Microsoft.CppCommon.targets(156,5): error MSB3073: :VCEnd" exited with code 1.
